<?xml version="1.0" encoding="UTF-8"?>
<!-- Generated by org.testng.reporters.JUnitReportReporter -->
<testsuite hostname="DESKTOP-GML17V3" failures="0" tests="7" name="runnersClasses.TestNg_TestRunner" time="0.103" errors="0" timestamp="2022-12-07T21:49:11 IST" skipped="0">
  <testcase classname="runnersClasses.TestNg_TestRunner" name="runScenario" time="0.004"/>
  <system-out/>
  <testcase classname="runnersClasses.TestNg_TestRunner" name="runScenario" time="0.005"/>
  <system-out/>
  <testcase classname="runnersClasses.TestNg_TestRunner" name="runScenario" time="0.004"/>
  <system-out/>
  <testcase classname="runnersClasses.TestNg_TestRunner" name="runScenario" time="0.004"/>
  <system-out/>
  <testcase classname="runnersClasses.TestNg_TestRunner" name="runScenario" time="0.006"/>
  <system-out/>
  <testcase classname="runnersClasses.TestNg_TestRunner" name="runScenario" time="0.004"/>
  <system-out/>
  <testcase classname="runnersClasses.TestNg_TestRunner" name="runScenario" time="0.076"/>
  <system-out/>
</testsuite> <!-- runnersClasses.TestNg_TestRunner -->
