<?xml version="1.0" encoding="UTF-8"?>
<!-- Generated by org.testng.reporters.JUnitReportReporter -->
<testsuite hostname="DESKTOP-GML17V3" failures="0" tests="1" name="Cucumber.Cucumber_E2E_framework.AppTest" time="0.004" errors="0" timestamp="2022-12-07T21:49:11 IST" skipped="0">
  <testcase classname="Cucumber.Cucumber_E2E_framework.AppTest" name="shouldAnswerWithTrue" time="0.004"/>
  <system-out/>
</testsuite> <!-- Cucumber.Cucumber_E2E_framework.AppTest -->
