<?xml version="1.0" encoding="UTF-8"?>
<!-- Generated by org.testng.reporters.JUnitReportReporter -->
<testsuite hostname="DESKTOP-GML17V3" failures="0" tests="1" name="runnersClasses.TestNg_TestRunner" time="0.105" errors="0" timestamp="2022-07-18T15:24:12 IST" skipped="0">
  <testcase classname="runnersClasses.TestNg_TestRunner" name="runScenario" time="0.105"/>
  <system-out/>
</testsuite> <!-- runnersClasses.TestNg_TestRunner -->
